Build started 07/12/2015 16:23:59.
     1>Project "C:\Users\Any Authorised User\Desktop\Second Year\Programming\Projects\Project1.2\Project1.2\Project1.2.vcxproj" on node 2 (Build target(s)).
     1>C:\Program Files (x86)\MSBuild\Microsoft.Cpp\v4.0\V140\Microsoft.CppBuild.targets(392,5): warning MSB8028: The intermediate directory (Debug\) contains files shared from another project (Project.vcxproj, Project1.1.vcxproj).  This can lead to incorrect clean and rebuild behavior.
     1>Link:
         F:\Visual Basic\VC\bin\link.exe /ERRORREPORT:PROMPT /OUT:"C:\Users\Any Authorised User\Desktop\Second Year\Programming\Projects\Project1.2\Debug\Project1.2.exe" /INCREMENTAL /NOLOGO kernel32.lib user32.lib gdi32.lib winspool.lib comdlg32.lib advapi32.lib shell32.lib ole32.lib oleaut32.lib uuid.lib odbc32.lib odbccp32.lib /MANIFEST /MANIFESTUAC:"level='asInvoker' uiAccess='false'" /manifest:embed /Debug /PDB:"C:\Users\Any Authorised User\Desktop\Second Year\Programming\Projects\Project1.2\Debug\Project1.2.pdb" /TLBID:1 /DYNAMICBASE /NXCOMPAT /IMPLIB:"C:\Users\Any Authorised User\Desktop\Second Year\Programming\Projects\Project1.2\Debug\Project1.2.lib" /MACHINE:X86 Debug\cBkGround.obj
         Debug\cButton.obj
         Debug\cFileHandler.obj
         Debug\cFont.obj
         Debug\cFontMgr.obj
         Debug\cInputMgr.obj
         Debug\cSprite.obj
         Debug\cTexture.obj
         Debug\cTile.obj
         Debug\cTileMap.obj
         Debug\cTilePicker.obj
         Debug\cWNDManager.obj
         Debug\main.obj
         Debug\mazeMaker.obj
         Debug\windowOGL.obj
         Libraries\DevIL.lib
         Libraries\freeglut.lib
         Libraries\ftgl.lib
         Libraries\ILU.lib
         Libraries\ILUT.lib
         Project1.2.vcxproj -> C:\Users\Any Authorised User\Desktop\Second Year\Programming\Projects\Project1.2\Debug\Project1.2.exe
     1>Done Building Project "C:\Users\Any Authorised User\Desktop\Second Year\Programming\Projects\Project1.2\Project1.2\Project1.2.vcxproj" (Build target(s)).

Build succeeded.

Time Elapsed 00:00:00.27
