c:\users\any authorised user\desktop\second year\programming\projects\project\project\debug\vc140.pdb
c:\users\any authorised user\desktop\second year\programming\projects\project\project\debug\vc140.idb
c:\users\any authorised user\desktop\second year\programming\projects\project\project\debug\cbkground.obj
c:\users\any authorised user\desktop\second year\programming\projects\project\project\debug\cbutton.obj
c:\users\any authorised user\desktop\second year\programming\projects\project\project\debug\cfilehandler.obj
c:\users\any authorised user\desktop\second year\programming\projects\project\project\debug\cfont.obj
c:\users\any authorised user\desktop\second year\programming\projects\project\project\debug\cfontmgr.obj
c:\users\any authorised user\desktop\second year\programming\projects\project\project\debug\cinputmgr.obj
c:\users\any authorised user\desktop\second year\programming\projects\project\project\debug\csprite.obj
c:\users\any authorised user\desktop\second year\programming\projects\project\project\debug\ctexture.obj
c:\users\any authorised user\desktop\second year\programming\projects\project\project\debug\ctile.obj
c:\users\any authorised user\desktop\second year\programming\projects\project\project\debug\ctilemap.obj
c:\users\any authorised user\desktop\second year\programming\projects\project\project\debug\ctilepicker.obj
c:\users\any authorised user\desktop\second year\programming\projects\project\project\debug\cwndmanager.obj
c:\users\any authorised user\desktop\second year\programming\projects\project\project\debug\main.obj
c:\users\any authorised user\desktop\second year\programming\projects\project\project\debug\mazemaker.obj
c:\users\any authorised user\desktop\second year\programming\projects\project\project\debug\windowogl.obj
c:\users\any authorised user\desktop\second year\programming\projects\project\project\debug\project.tlog\cl.command.1.tlog
c:\users\any authorised user\desktop\second year\programming\projects\project\project\debug\project.tlog\cl.read.1.tlog
c:\users\any authorised user\desktop\second year\programming\projects\project\project\debug\project.tlog\cl.write.1.tlog
c:\users\any authorised user\desktop\second year\programming\projects\project\project\debug\project.tlog\link.command.1.tlog
c:\users\any authorised user\desktop\second year\programming\projects\project\project\debug\project.tlog\link.read.1.tlog
c:\users\any authorised user\desktop\second year\programming\projects\project\project\debug\project.tlog\link.write.1.tlog
