Build started 30/11/2015 18:06:32.
     1>Project "C:\Users\Any Authorised User\Desktop\Second Year\Programming\Projects\Project\Project\Project.vcxproj" on node 2 (Build target(s)).
     1>ClCompile:
         F:\Visual Basic\VC\bin\CL.exe /c /ZI /nologo /W3 /WX- /sdl /Od /Oy- /D _MBCS /Gm /EHsc /RTC1 /MDd /GS /fp:precise /Zc:wchar_t /Zc:forScope /Zc:inline /Fo"Debug\\" /Fd"Debug\vc140.pdb" /Gd /TP /analyze- /errorReport:prompt main.cpp
         main.cpp
       Link:
         F:\Visual Basic\VC\bin\link.exe /ERRORREPORT:PROMPT /OUT:"C:\Users\Any Authorised User\Desktop\Second Year\Programming\Projects\Project\Debug\Project.exe" /INCREMENTAL /NOLOGO kernel32.lib user32.lib gdi32.lib winspool.lib comdlg32.lib advapi32.lib shell32.lib ole32.lib oleaut32.lib uuid.lib odbc32.lib odbccp32.lib /MANIFEST /MANIFESTUAC:"level='asInvoker' uiAccess='false'" /manifest:embed /Debug /PDB:"C:\Users\Any Authorised User\Desktop\Second Year\Programming\Projects\Project\Debug\Project.pdb" /TLBID:1 /DYNAMICBASE /NXCOMPAT /IMPLIB:"C:\Users\Any Authorised User\Desktop\Second Year\Programming\Projects\Project\Debug\Project.lib" /MACHINE:X86 Debug\cBkGround.obj
         Debug\cButton.obj
         Debug\cFileHandler.obj
         Debug\cFont.obj
         Debug\cFontMgr.obj
         Debug\cInputMgr.obj
         Debug\cSprite.obj
         Debug\cTexture.obj
         Debug\cTile.obj
         Debug\cTileMap.obj
         Debug\cTilePicker.obj
         Debug\cWNDManager.obj
         Debug\main.obj
         Debug\mazeMaker.obj
         Debug\windowOGL.obj
         Libraries\DevIL.lib
         Libraries\freeglut.lib
         Libraries\ftgl.lib
         Libraries\ILU.lib
         Libraries\ILUT.lib
         Project.vcxproj -> C:\Users\Any Authorised User\Desktop\Second Year\Programming\Projects\Project\Debug\Project.exe
     1>Done Building Project "C:\Users\Any Authorised User\Desktop\Second Year\Programming\Projects\Project\Project\Project.vcxproj" (Build target(s)).

Build succeeded.

Time Elapsed 00:00:02.16
