Build started 01/12/2015 10:25:38.
     1>Project "c:\Users\cgrund200\documents\visual studio 2013\Projects\Project1.1\Project1.1\Project1.1.vcxproj" on node 2 (Build target(s)).
     1>C:\Program Files (x86)\MSBuild\Microsoft.Cpp\v4.0\V120\Microsoft.CppBuild.targets(388,5): warning MSB8028: The intermediate directory (Debug\) contains files shared from another project (Project.vcxproj).  This can lead to incorrect clean and rebuild behavior.
     1>ClCompile:
         C:\Program Files (x86)\Microsoft Visual Studio 12.0\VC\bin\CL.exe /c /ZI /nologo /W3 /WX- /sdl /Od /Oy- /D _MBCS /Gm /EHsc /RTC1 /MDd /GS /fp:precise /Zc:wchar_t /Zc:forScope /Fo"Debug\\" /Fd"Debug\vc120.pdb" /Gd /TP /analyze- /errorReport:prompt main.cpp
         main.cpp
       Link:
         C:\Program Files (x86)\Microsoft Visual Studio 12.0\VC\bin\link.exe /ERRORREPORT:PROMPT /OUT:"c:\users\cgrund200\documents\visual studio 2013\Projects\Project1.1\Debug\Project1.1.exe" /INCREMENTAL /NOLOGO kernel32.lib user32.lib gdi32.lib winspool.lib comdlg32.lib advapi32.lib shell32.lib ole32.lib oleaut32.lib uuid.lib odbc32.lib odbccp32.lib /MANIFEST /MANIFESTUAC:"level='asInvoker' uiAccess='false'" /manifest:embed /DEBUG /PDB:"c:\users\cgrund200\documents\visual studio 2013\Projects\Project1.1\Debug\Project1.1.pdb" /TLBID:1 /DYNAMICBASE /NXCOMPAT /IMPLIB:"c:\users\cgrund200\documents\visual studio 2013\Projects\Project1.1\Debug\Project1.1.lib" /MACHINE:X86 Debug\cBkGround.obj
         Debug\cButton.obj
         Debug\cFileHandler.obj
         Debug\cFont.obj
         Debug\cFontMgr.obj
         Debug\cInputMgr.obj
         Debug\cSprite.obj
         Debug\cTexture.obj
         Debug\cTile.obj
         Debug\cTileMap.obj
         Debug\cTilePicker.obj
         Debug\cWNDManager.obj
         Debug\main.obj
         Debug\mazeMaker.obj
         Debug\windowOGL.obj
         Libraries\DevIL.lib
         Libraries\freeglut.lib
         Libraries\ftgl.lib
         Libraries\ILU.lib
         Libraries\ILUT.lib
         Project1.1.vcxproj -> c:\users\cgrund200\documents\visual studio 2013\Projects\Project1.1\Debug\Project1.1.exe
     1>Done Building Project "c:\Users\cgrund200\documents\visual studio 2013\Projects\Project1.1\Project1.1\Project1.1.vcxproj" (Build target(s)).

Build succeeded.

Time Elapsed 00:00:01.48
